C51 COMPILER V9.56.0.0   DELAY                                                             10/07/2016 14:07:25 PAGE 1   


C51 COMPILER V9.56.0.0, COMPILATION OF MODULE DELAY
OBJECT MODULE PLACED IN DELAY.OBJ
COMPILER INVOKED BY: C:\Keil_v5\C51\BIN\C51.EXE DELAY.C LARGE OPTIMIZE(6,SPEED) BROWSE DEBUG OBJECTEXTEND TABS(3)

line level    source

   1          #include"DELAY.H"
   2          #include "intrins.h"
   3          //void delay_5us(unsigned char us)
   4          //{
   5          //  unsigned char i=0;
   6          //  for(;us;us--)
   7          //  for(i=0;i<14;i++);
   8          //}
   9          
  10          
  11          //void Delay2(unsigned long cnt)
  12          //{
  13          //   for(;cnt;cnt--)
  14          //   delay_5us(200);
  15          //}
  16          
  17          void delay_5us(unsigned char us)
  18          {
  19   1         unsigned long dly = us;
  20   1         while(dly--);
  21   1      }
  22          
  23          void Delay2(unsigned long ms)
  24          {
  25   1         unsigned long dly = ms * 236ul;
  26   1         while(dly--);
  27   1      }


MODULE INFORMATION:   STATIC OVERLAYABLE
   CODE SIZE        =     75    ----
   CONSTANT SIZE    =   ----    ----
   XDATA SIZE       =   ----      12
   PDATA SIZE       =   ----    ----
   DATA SIZE        =   ----    ----
   IDATA SIZE       =   ----    ----
   BIT SIZE         =   ----    ----
END OF MODULE INFORMATION.


C51 COMPILATION COMPLETE.  0 WARNING(S),  0 ERROR(S)
