C51 COMPILER V9.56.0.0   DHT11                                                             10/07/2016 14:05:49 PAGE 1   


C51 COMPILER V9.56.0.0, COMPILATION OF MODULE DHT11
OBJECT MODULE PLACED IN DHT11.OBJ
COMPILER INVOKED BY: C:\Keil_v5\C51\BIN\C51.EXE DHT11.C LARGE OPTIMIZE(6,SPEED) BROWSE DEBUG OBJECTEXTEND TABS(3)

line level    source

   1          #include"STC15FXXXX.H"
   2          #include"delay.h"
   3          sbit DHT = P3^5;
   4          unsigned char TP_H=0;
   5          unsigned char TP_L=0;
   6          unsigned char RH_H=0;
   7          unsigned char RH_L=0;
   8          unsigned char CR_D=0;
   9          bit ch_1_0(void)
  10          {
  11   1        unsigned char t=0;
  12   1        delay_5us(6);
  13   1        while(DHT==0);
  14   1        for(t=0;DHT;t++)
  15   1        delay_5us(1); 
  16   1        if(t>10)
  17   1        return 1;
  18   1        else
  19   1        return 0;
  20   1      }
  21          sbit BEEP=P3^4;//·äÃùÆ÷
  22          void read_dh(void)     //DHT11 ¶ÁÈ¡³ÌÐò
  23          {
  24   1        unsigned char i;
  25   1        DHT=0;
  26   1        Delay2(20);
  27   1        DHT=1;
  28   1        delay_5us(10);
  29   1        while(DHT==0);
  30   1        delay_5us(6);
  31   1        while(DHT);
  32   1        for(i=0;i<8;i++)
  33   1        {
  34   2        if(ch_1_0())
  35   2        TP_H=((TP_H<<1)+1);
  36   2        else
  37   2        TP_H<<=1;
  38   2        }
  39   1        for(i=0;i<8;i++)
  40   1        {
  41   2        if(ch_1_0())
  42   2        TP_L=((TP_L<<1)+1);
  43   2        else
  44   2        TP_L<<=1;
  45   2        }
  46   1          for(i=0;i<8;i++)
  47   1        {
  48   2        if(ch_1_0())
  49   2        RH_H=((RH_H<<1)+1);
  50   2        else
  51   2        RH_H<<=1;
  52   2        }
  53   1          for(i=0;i<8;i++)
  54   1        {
  55   2        if(ch_1_0())
C51 COMPILER V9.56.0.0   DHT11                                                             10/07/2016 14:05:49 PAGE 2   

  56   2        RH_L=((RH_L<<1)+1);
  57   2        else
  58   2        RH_L<<=1;
  59   2        }
  60   1        for(i=0;i<8;i++)
  61   1        {
  62   2        if(ch_1_0())
  63   2        CR_D=((CR_D<<1)+1);
  64   2        else
  65   2        CR_D<<=1;
  66   2        }
  67   1      }


MODULE INFORMATION:   STATIC OVERLAYABLE
   CODE SIZE        =    284    ----
   CONSTANT SIZE    =   ----    ----
   XDATA SIZE       =      5       2
   PDATA SIZE       =   ----    ----
   DATA SIZE        =   ----    ----
   IDATA SIZE       =   ----    ----
   BIT SIZE         =   ----    ----
END OF MODULE INFORMATION.


C51 COMPILATION COMPLETE.  0 WARNING(S),  0 ERROR(S)
