C51 COMPILER V9.56.0.0   PWM3                                                              10/07/2016 14:05:49 PAGE 1   


C51 COMPILER V9.56.0.0, COMPILATION OF MODULE PWM3
OBJECT MODULE PLACED IN PWM3.OBJ
COMPILER INVOKED BY: C:\Keil_v5\C51\BIN\C51.EXE PWM3.C LARGE OPTIMIZE(6,SPEED) BROWSE DEBUG OBJECTEXTEND TABS(3)

line level    source

   1          
   2          #include "reg51.h"
   3          #include "intrins.h"
   4          
   5          #define FOSC    11059200L
   6          
   7          typedef unsigned char BYTE;
   8          typedef unsigned int WORD;
   9          
  10          sfr P_SW1       = 0xA2;             //外设功能切换寄存器1
  11          
  12          #define CCP_S0 0x00                 //P_SW1.4
  13          #define CCP_S1 0x20                 //P_SW1.5
  14          
  15          sfr CCON        =   0xD8;           //PCA控制寄存器
  16          sbit CCF0       =   CCON^0;         //PCA模块0中断标志
  17          sbit CCF1       =   CCON^1;         //PCA模块1中断标志
  18          sbit CR         =   CCON^6;         //PCA定时器运行控制位
  19          sbit CF         =   CCON^7;         //PCA定时器溢出标志
  20          sfr CMOD        =   0xD9;           //PCA模式寄存器
  21          sfr CL          =   0xE9;           //PCA定时器低字节
  22          sfr CH          =   0xF9;           //PCA定时器高字节
  23          sfr CCAPM0      =   0xDA;           //PCA模块0模式寄存器
  24          sfr CCAP0L      =   0xEA;           //PCA模块0捕获寄存器 LOW
  25          sfr CCAP0H      =   0xFA;           //PCA模块0捕获寄存器 HIGH
  26          sfr CCAPM1      =   0xDB;           //PCA模块1模式寄存器
  27          sfr CCAP1L      =   0xEB;           //PCA模块1捕获寄存器 LOW
  28          sfr CCAP1H      =   0xFB;           //PCA模块1捕获寄存器 HIGH
  29          sfr CCAPM2      =   0xDC;           //PCA模块2模式寄存器
  30          sfr CCAP2L      =   0xEC;           //PCA模块2捕获寄存器 LOW
  31          sfr CCAP2H      =   0xFC;           //PCA模块2捕获寄存器 HIGH
  32          sfr PCA_PWM0    =   0xf2;           //PCA模块0的PWM寄存器
  33          sfr PCA_PWM1    =   0xf3;           //PCA模块1的PWM寄存器
  34          sfr PCA_PWM2    =   0xf4;           //PCA模块2的PWM寄存器
  35          
  36          void PWM(unsigned char r,unsigned char g,unsigned char b)
  37          { 
  38   1          P_SW1|=0x20;
  39   1          P_SW1&=0xef;
  40   1          CCON = 0;                       //初始化PCA控制寄存器
  41   1          CL = 0;                         //复位PCA寄存器
  42   1          CH = 0;
  43   1          CMOD = 0x02;                    //设置PCA时钟源
  44   1                                          //禁止PCA定时器溢出中断
  45   1          PCA_PWM0 = 0x00;                //PCA模块0工作于8位PWM
  46   1          CCAP0H = CCAP0L = r;         //PWM0的占空比为87.5% ((100H-20H)/100H)
  47   1          CCAPM0 = 0x42;                  //PCA模块0为8位PWM模式
  48   1      
  49   1          PCA_PWM1 = 0x00;                //PCA模块1工作于7位PWM
  50   1          CCAP1H = CCAP1L = g;         //PWM1的占空比为75% ((80H-20H)/80H)
  51   1          CCAPM1 = 0x42;                  //PCA模块1为7位PWM模式
  52   1      
  53   1          PCA_PWM2 = 0x00;                //PCA模块2工作于6位PWM
  54   1          CCAP2H = CCAP2L = b;         //PWM2的占空比为50% ((40H-20H)/40H)
  55   1          CCAPM2 = 0x42;                  //PCA模块2为6位PWM模式
C51 COMPILER V9.56.0.0   PWM3                                                              10/07/2016 14:05:49 PAGE 2   

  56   1      
  57   1          CR = 1;                         //PCA定时器开始工作
  58   1      }
  59          void set_pwm(unsigned char data rr,unsigned char data gg,unsigned char data bb)
  60          {
  61   1          CCAP0H = CCAP0L = rr;         //PWM0的占空比为87.5% ((100H-20H)/100H)
  62   1      
  63   1                    //PCA模块1工作于7位PWM
  64   1          CCAP1H = CCAP1L = gg;         //PWM1的占空比为75% ((80H-20H)/80H)
  65   1                    //PCA模块1为7位PWM模式
  66   1      
  67   1          CCAP2H = CCAP2L = bb;         //PWM2的占空比为50% ((40H-20H)/40H)
  68   1                       //PCA模块2为6位PWM模式
  69   1      }
  70          


MODULE INFORMATION:   STATIC OVERLAYABLE
   CODE SIZE        =     67    ----
   CONSTANT SIZE    =   ----    ----
   XDATA SIZE       =   ----    ----
   PDATA SIZE       =   ----    ----
   DATA SIZE        =   ----    ----
   IDATA SIZE       =   ----    ----
   BIT SIZE         =   ----    ----
END OF MODULE INFORMATION.


C51 COMPILATION COMPLETE.  0 WARNING(S),  0 ERROR(S)
