C51 COMPILER V9.56.0.0   TIMER0                                                            10/07/2016 14:05:49 PAGE 1   


C51 COMPILER V9.56.0.0, COMPILATION OF MODULE TIMER0
OBJECT MODULE PLACED IN TIMER0.OBJ
COMPILER INVOKED BY: C:\Keil_v5\C51\BIN\C51.EXE TIMER0.C LARGE OPTIMIZE(6,SPEED) BROWSE DEBUG OBJECTEXTEND TABS(3)

line level    source

   1          
   2          #include"STC15FXXXX.H"
   3          
   4          typedef unsigned char BYTE;
   5          typedef unsigned int WORD;
   6          extern unsigned char uart_time_out;
   7          extern unsigned char uart_time_out;
   8          extern bit uart_rec_date;
   9          extern bit uart_rec_new;
  10          //-----------------------------------------------
  11          
  12          #define FOSC 22118400L
  13          
  14          #define T1MS (65536-FOSC/1000)      //1T模式
  15          //#define T1MS (65536-FOSC/12/1000) //12T模式
  16          
  17          //sfr AUXR = 0x8e;                    //Auxiliary register
  18          sbit pwm = P1^5;
  19          bit p_s=0;
  20          //-----------------------------------------------
  21          
  22          /* Timer0 interrupt routine */
  23          extern unsigned char uart_time_out;
  24          extern bit uart_rec_date;
  25          extern bit uart_rec_new;
  26          unsigned int delay_1min=0;
  27          bit min_rech=0;
  28          extern unsigned char old_bar_r;
  29          extern unsigned char old_bar_g;
  30          extern unsigned char old_bar_b;
  31          extern unsigned char bar_r;
  32          extern unsigned char bar_g;
  33          extern unsigned char bar_b;
  34          unsigned char ms_10=0;
  35          extern void PWM(unsigned char r,unsigned char g,unsigned char b);
  36          extern void set_pwm(unsigned char r,unsigned char g,unsigned char b);
  37          bit have_change_pwm=0;
  38          void tm0_isr() interrupt 1 using 1
  39          {
  40   1         if(ms_10<10)
  41   1         ms_10++;
  42   1         else 
  43   1         {
  44   2          ms_10=0;
  45   2          have_change_pwm=1;
  46   2         }
  47   1      
  48   1         if(delay_1min<60000)
  49   1         delay_1min++;
  50   1         else
  51   1         {
  52   2           min_rech=1;
  53   2           delay_1min=0;
  54   2         }
  55   1      
C51 COMPILER V9.56.0.0   TIMER0                                                            10/07/2016 14:05:49 PAGE 2   

  56   1         if(uart_time_out<10)
  57   1         uart_time_out++;
  58   1         else
  59   1         {
  60   2          if((uart_rec_date)&&(uart_rec_new==0))
  61   2          {
  62   3          uart_rec_date=0;
  63   3          uart_rec_new=1;
  64   3          }
  65   2         }
  66   1      }
  67          
  68          //-----------------------------------------------
  69          
  70          /* main program */
  71          void timer0_ini()
  72          {
  73   1          AUXR |= 0x80;                   //定时器0为1T模式
  74   1      //  AUXR &= 0x7f;                   //定时器0为12T模式
  75   1         PT0=0;
  76   1          TMOD = 0x00;                    //设置定时器为模式0(16位自动重装载)
  77   1          TL0 = T1MS;                     //初始化计时值
  78   1          TH0 = T1MS >> 8;
  79   1          TR0 = 1;                        //定时器0开始计时
  80   1          ET0 = 1;                        //使能定时器0中断
  81   1          EA = 1;
  82   1      
  83   1      }


MODULE INFORMATION:   STATIC OVERLAYABLE
   CODE SIZE        =    138    ----
   CONSTANT SIZE    =   ----    ----
   XDATA SIZE       =      3    ----
   PDATA SIZE       =   ----    ----
   DATA SIZE        =   ----    ----
   IDATA SIZE       =   ----    ----
   BIT SIZE         =      3    ----
END OF MODULE INFORMATION.


C51 COMPILATION COMPLETE.  0 WARNING(S),  0 ERROR(S)
