C51 COMPILER V9.56.0.0   UART                                                              10/07/2016 14:05:48 PAGE 1   


C51 COMPILER V9.56.0.0, COMPILATION OF MODULE UART
OBJECT MODULE PLACED IN UART.OBJ
COMPILER INVOKED BY: C:\Keil_v5\C51\BIN\C51.EXE UART.C LARGE OPTIMIZE(6,SPEED) BROWSE DEBUG OBJECTEXTEND TABS(3)

line level    source

   1          #include"UART.H"
   2          #include"STC15FXXXX.H"
   3          void UART1_int (void) interrupt UART1_VECTOR
   4          {
   5   1         if(RI)
   6   1         {
   7   2            RI = 0;
   8   2            uart_rec_date=1;
   9   2            uart_time_out=0;
  10   2            uart_rec_new=0;
  11   2            recd_buf[RX1_Cnt] = SBUF;     //保存一个字节
  12   2            if(RX1_Cnt<62) /////////////////////防止64字节的缓冲区溢出
  13   2            RX1_Cnt++;
  14   2            else        ///////每次收到的指令超过64字节，就把数据清空，接收指针指向开头
  15   2            RX1_Cnt=0; 
  16   2         }
  17   1         if(TI)
  18   1         {
  19   2            TI = 0;
  20   2            B_TX1_Busy = 0;      //清除发送忙标志
  21   2         }
  22   1      }


MODULE INFORMATION:   STATIC OVERLAYABLE
   CODE SIZE        =     75    ----
   CONSTANT SIZE    =   ----    ----
   XDATA SIZE       =      1    ----
   PDATA SIZE       =   ----    ----
   DATA SIZE        =   ----    ----
   IDATA SIZE       =   ----    ----
   BIT SIZE         =      4    ----
END OF MODULE INFORMATION.


C51 COMPILATION COMPLETE.  0 WARNING(S),  0 ERROR(S)
